Using pre-set license

 COMMAND LINE ARGUMENTS:
/Users/aliahmed/2020.3.5f1/Unity.app/Contents/MacOS/Unity
-adb2
-batchMode
-noUpm
-name
AssetImportWorker0
-projectPath
/Users/aliahmed/Unity Projects/test project
-logFile
Logs/AssetImportWorker0.log
-srvPort
58742
Successfully changed project path to: /Users/aliahmed/Unity Projects/test project
/Users/aliahmed/Unity Projects/test project
Using Asset Import Pipeline V2.
Refreshing native plugins compatible for Editor in 21.70 ms, found 1 plugins.
Preloading 0 native plugins for Editor in 0.00 ms.
Initialize engine version: 2020.3.5f1 (8095aa901b9b)
[Subsystems] Discovering subsystems at path /Users/aliahmed/2020.3.5f1/Unity.app/Contents/Resources/UnitySubsystems
[Subsystems] Discovering subsystems at path /Users/aliahmed/Unity Projects/test project/Assets
GfxDevice: creating device client; threaded=0
2021-11-23 06:05:30.398 Unity[56138:2455716] (null) preferred device: Apple M1 (high power)
2021-11-23 06:05:30.398 Unity[56138:2455716] Metal devices available: 1
2021-11-23 06:05:30.398 Unity[56138:2455716] 0: Apple M1 (high power)
2021-11-23 06:05:30.398 Unity[56138:2455716] Using device Apple M1 (high power)
Initializing Metal device caps: Apple M1
Initialize mono
Mono path[0] = '/Users/aliahmed/2020.3.5f1/Unity.app/Contents/Managed'
Mono path[1] = '/Users/aliahmed/2020.3.5f1/Unity.app/Contents/MonoBleedingEdge/lib/mono/unityjit'
Mono config path = '/Users/aliahmed/2020.3.5f1/Unity.app/Contents/MonoBleedingEdge/etc'
Using monoOptions --debugger-agent=transport=dt_socket,embedding=1,server=y,suspend=n,address=127.0.0.1:56138
Begin MonoManager ReloadAssembly
Registering precompiled unity dll's ...
Register platform support module: /Users/aliahmed/2020.3.5f1/Unity.app/Contents/PlaybackEngines/MacStandaloneSupport/UnityEditor.OSXStandalone.Extensions.dll
Registered in 0.001074 seconds.
Native extension for OSXStandalone target not found
Refreshing native plugins compatible for Editor in 22.17 ms, found 1 plugins.
Preloading 0 native plugins for Editor in 0.00 ms.
Mono: successfully reloaded assembly
- Completed reload, in  2.046 seconds
Platform modules already initialized, skipping
Registering precompiled user dll's ...
Registered in 0.000567 seconds.
Begin MonoManager ReloadAssembly
Native extension for OSXStandalone target not found
Refreshing native plugins compatible for Editor in 0.19 ms, found 1 plugins.
Preloading 0 native plugins for Editor in 0.00 ms.
Mono: successfully reloaded assembly
- Completed reload, in  1.434 seconds
Platform modules already initialized, skipping
========================================================================
Worker process is ready to serve import requests
Launching external process: /Users/aliahmed/2020.3.5f1/Unity.app/Contents/Tools/UnityShaderCompiler
Launched and connected shader compiler UnityShaderCompiler after 0.02 seconds
Refreshing native plugins compatible for Editor in 0.17 ms, found 1 plugins.
Preloading 0 native plugins for Editor in 0.00 ms.
Unloading 1116 Unused Serialized files (Serialized files now loaded: 0)
System memory in use before: 138.9 MB.
System memory in use after: 139.0 MB.

Unloading 10 unused Assets to reduce memory usage. Loaded Objects now: 1557.
Total: 1.310166 ms (FindLiveObjects: 0.104666 ms CreateObjectMapping: 0.024375 ms MarkObjects: 1.107417 ms  DeleteObjects: 0.073125 ms)

========================================================================
Received Import Request.
  path: Assets/Scenes
  artifactKey: Guid(11ba17c72a8484de9a697867f369a421) Importer(815301076,1909f56bfc062723c751e8b465ee728b)
Start importing Assets/Scenes using Guid(11ba17c72a8484de9a697867f369a421) Importer(815301076,1909f56bfc062723c751e8b465ee728b)  -> (artifact id: '49ebae8f3272e3b091a324d85d298d17') in 0.006675 seconds
  Import took 0.008371 seconds .

